This file contains any messages produced by compilers while
running configure, to aid debugging if configure makes a mistake.

configure:606: checking for generic Mach 4 sources
configure:644: checking for gawk
configure:683: checking for flex
configure:717: checking for yywrap in -lfl
configure:763: checking for bison
configure:824: checking for a BSD compatible install
configure:893: checking for gcc
configure:1006: checking whether the C compiler (gcc  ) works
configure:1022: gcc -o conftest    conftest.c  1>&5
configure:1019:1: warning: return type defaults to 'int' [-Wimplicit-int]
 1019 | main(){return(0);}
      | ^~~~
configure:1048: checking whether the C compiler (gcc  ) is a cross-compiler
configure:1053: checking whether we are using GNU C
configure:1081: checking whether gcc accepts -g
configure:1115: checking for vprintf
configure:1223: checking for strerror
configure:1295: checking for ranlib
